Performing C++ SOURCE FILE Test CMAKE_HAVE_LIBC_PTHREAD failed with the following output:
Change Dir: /mnt/d/OneDrive - Office/File/Project/CLion/CS205 Projects/Project 4/CMakeFiles/CMakeTmp

Run Build Command(s):/usr/bin/make cmTC_b0bf4/fast && /usr/bin/make -f CMakeFiles/cmTC_b0bf4.dir/build.make CMakeFiles/cmTC_b0bf4.dir/build
make[1]: Entering directory '/mnt/d/OneDrive - Office/File/Project/CLion/CS205 Projects/Project 4/CMakeFiles/CMakeTmp'
Building CXX object CMakeFiles/cmTC_b0bf4.dir/src.cxx.o
/usr/bin/c++    -O3 -DCMAKE_HAVE_LIBC_PTHREAD   -std=gnu++2a -o CMakeFiles/cmTC_b0bf4.dir/src.cxx.o -c "/mnt/d/OneDrive - Office/File/Project/CLion/CS205 Projects/Project 4/CMakeFiles/CMakeTmp/src.cxx"
Linking CXX executable cmTC_b0bf4
/usr/bin/cmake -E cmake_link_script CMakeFiles/cmTC_b0bf4.dir/link.txt --verbose=1
/usr/bin/c++    -O3 -DCMAKE_HAVE_LIBC_PTHREAD    CMakeFiles/cmTC_b0bf4.dir/src.cxx.o  -o cmTC_b0bf4 
/usr/bin/ld: CMakeFiles/cmTC_b0bf4.dir/src.cxx.o: in function `main':
src.cxx:(.text.startup+0x29): undefined reference to `pthread_create'
/usr/bin/ld: src.cxx:(.text.startup+0x32): undefined reference to `pthread_detach'
/usr/bin/ld: src.cxx:(.text.startup+0x3d): undefined reference to `pthread_join'
collect2: error: ld returned 1 exit status
make[1]: *** [CMakeFiles/cmTC_b0bf4.dir/build.make:87: cmTC_b0bf4] Error 1
make[1]: Leaving directory '/mnt/d/OneDrive - Office/File/Project/CLion/CS205 Projects/Project 4/CMakeFiles/CMakeTmp'
make: *** [Makefile:121: cmTC_b0bf4/fast] Error 2


Source file was:
#include <pthread.h>

void* test_func(void* data)
{
  return data;
}

int main(void)
{
  pthread_t thread;
  pthread_create(&thread, NULL, test_func, NULL);
  pthread_detach(thread);
  pthread_join(thread, NULL);
  pthread_atfork(NULL, NULL, NULL);
  pthread_exit(NULL);

  return 0;
}

Determining if the function pthread_create exists in the pthreads failed with the following output:
Change Dir: /mnt/d/OneDrive - Office/File/Project/CLion/CS205 Projects/Project 4/CMakeFiles/CMakeTmp

Run Build Command(s):/usr/bin/make cmTC_93389/fast && /usr/bin/make -f CMakeFiles/cmTC_93389.dir/build.make CMakeFiles/cmTC_93389.dir/build
make[1]: Entering directory '/mnt/d/OneDrive - Office/File/Project/CLion/CS205 Projects/Project 4/CMakeFiles/CMakeTmp'
Building CXX object CMakeFiles/cmTC_93389.dir/CheckFunctionExists.cxx.o
/usr/bin/c++    -O3 -DCHECK_FUNCTION_EXISTS=pthread_create   -std=gnu++2a -o CMakeFiles/cmTC_93389.dir/CheckFunctionExists.cxx.o -c "/mnt/d/OneDrive - Office/File/Project/CLion/CS205 Projects/Project 4/CMakeFiles/CheckLibraryExists/CheckFunctionExists.cxx"
Linking CXX executable cmTC_93389
/usr/bin/cmake -E cmake_link_script CMakeFiles/cmTC_93389.dir/link.txt --verbose=1
/usr/bin/c++    -O3 -DCHECK_FUNCTION_EXISTS=pthread_create    CMakeFiles/cmTC_93389.dir/CheckFunctionExists.cxx.o  -o cmTC_93389  -lpthreads 
/usr/bin/ld: cannot find -lpthreads
collect2: error: ld returned 1 exit status
make[1]: *** [CMakeFiles/cmTC_93389.dir/build.make:87: cmTC_93389] Error 1
make[1]: Leaving directory '/mnt/d/OneDrive - Office/File/Project/CLion/CS205 Projects/Project 4/CMakeFiles/CMakeTmp'
make: *** [Makefile:121: cmTC_93389/fast] Error 2



